2025-03-13 15:39:29.458 [main] INFO  com.trackjobs.TrackJobsApplication - Starting TrackJobsApplication v1.0.0 using Java 21.0.6 on DanielsPC with PID 642166 (/opt/trackjobs/target/trackjobs-1.0.0.jar started by danie in /opt/trackjobs)
2025-03-13 15:39:29.459 [main] INFO  com.trackjobs.TrackJobsApplication - No active profile set, falling back to 1 default profile: "default"
2025-03-13 15:39:29.835 [main] INFO  o.s.d.r.c.RepositoryConfigurationDelegate - Bootstrapping Spring Data JPA repositories in DEFAULT mode.
2025-03-13 15:39:29.880 [main] INFO  o.s.d.r.c.RepositoryConfigurationDelegate - Finished Spring Data repository scanning in 38 ms. Found 1 JPA repository interfaces.
2025-03-13 15:39:30.272 [main] INFO  o.s.b.w.e.tomcat.TomcatWebServer - Tomcat initialized with port(s): 8080 (http)
2025-03-13 15:39:30.276 [main] INFO  o.a.coyote.http11.Http11NioProtocol - Initializing ProtocolHandler ["http-nio-8080"]
2025-03-13 15:39:30.277 [main] INFO  o.a.catalina.core.StandardService - Starting service [Tomcat]
2025-03-13 15:39:30.277 [main] INFO  o.a.catalina.core.StandardEngine - Starting Servlet engine: [Apache Tomcat/9.0.80]
2025-03-13 15:39:30.316 [main] INFO  o.a.c.c.C.[Tomcat].[localhost].[/] - Initializing Spring embedded WebApplicationContext
2025-03-13 15:39:30.316 [main] INFO  o.s.b.w.s.c.ServletWebServerApplicationContext - Root WebApplicationContext: initialization completed in 823 ms
2025-03-13 15:39:30.470 [main] INFO  o.h.jpa.internal.util.LogHelper - HHH000204: Processing PersistenceUnitInfo [name: default]
2025-03-13 15:39:30.500 [main] INFO  org.hibernate.Version - HHH000412: Hibernate ORM core version 5.6.15.Final
2025-03-13 15:39:30.613 [main] INFO  o.h.annotations.common.Version - HCANN000001: Hibernate Commons Annotations {5.1.2.Final}
2025-03-13 15:39:30.678 [main] INFO  com.zaxxer.hikari.HikariDataSource - HikariPool-1 - Starting...
2025-03-13 15:39:30.787 [main] INFO  com.zaxxer.hikari.HikariDataSource - HikariPool-1 - Start completed.
2025-03-13 15:39:30.795 [main] INFO  org.hibernate.dialect.Dialect - HHH000400: Using dialect: org.hibernate.dialect.MySQL8Dialect
2025-03-13 15:39:31.127 [main] INFO  o.h.e.t.j.p.i.JtaPlatformInitiator - HHH000490: Using JtaPlatform implementation: [org.hibernate.engine.transaction.jta.platform.internal.NoJtaPlatform]
2025-03-13 15:39:31.132 [main] INFO  o.s.o.j.LocalContainerEntityManagerFactoryBean - Initialized JPA EntityManagerFactory for persistence unit 'default'
2025-03-13 15:39:31.507 [main] WARN  o.s.b.a.o.j.JpaBaseConfiguration$JpaWebConfiguration - spring.jpa.open-in-view is enabled by default. Therefore, database queries may be performed during view rendering. Explicitly configure spring.jpa.open-in-view to disable this warning
2025-03-13 15:39:31.724 [main] INFO  o.s.b.a.w.s.WelcomePageHandlerMapping - Adding welcome page template: index
2025-03-13 15:39:31.856 [main] INFO  o.a.coyote.http11.Http11NioProtocol - Starting ProtocolHandler ["http-nio-8080"]
2025-03-13 15:39:31.865 [main] INFO  o.s.b.w.e.tomcat.TomcatWebServer - Tomcat started on port(s): 8080 (http) with context path ''
2025-03-13 15:39:31.875 [main] INFO  com.trackjobs.TrackJobsApplication - Started TrackJobsApplication in 2.65 seconds (JVM running for 2.973)
2025-03-13 15:40:09.383 [http-nio-8080-exec-1] INFO  o.a.c.c.C.[Tomcat].[localhost].[/] - Initializing Spring DispatcherServlet 'dispatcherServlet'
2025-03-13 15:40:09.384 [http-nio-8080-exec-1] INFO  o.s.web.servlet.DispatcherServlet - Initializing Servlet 'dispatcherServlet'
2025-03-13 15:40:09.384 [http-nio-8080-exec-1] INFO  o.s.web.servlet.DispatcherServlet - Completed initialization in 0 ms
2025-03-13 15:41:29.593 [http-nio-8080-exec-3] INFO  c.trackjobs.controller.JobController - Starting job scrape with keywords: java developer, location: seattle
